# JRE version: OpenJDK Runtime Environment (17.0.9) (build 17.0.9+0--11185874)
# Java VM: OpenJDK 64-Bit Server VM (17.0.9+0--11185874, mixed mode, tiered, compressed oops, compressed class ptrs, g1 gc, windows-amd64)
GC Precious Log:
 CPUs: 12 total, 12 available
 Memory: 24427M
 Large Page Support: Disabled
 NUMA Support: Disabled
 Compressed Oops: Enabled (32-bit)
 Heap Region Size: 1M
 Heap Min Capacity: 8M
 Heap Initial Capacity: 382M
 Heap Max Capacity: 2G
 Pre-touch: Disabled
 Parallel Workers: 10
 Concurrent Workers: 3
 Concurrent Refinement Workers: 10
 Periodic GC: Disabled
Heap:
 garbage-first heap   total 391168K, used 120920K [0x0000000080000000, 0x0000000100000000)
  region size 1024K, 6 young (6144K), 6 survivors (6144K)
 Metaspace       used 106926K, committed 107648K, reserved 1179648K
  class space    used 14744K, committed 15104K, reserved 1048576K
GC Heap History (20 events):
Event: 11.198 GC heap after
{Heap after GC invocations=17 (full 0):
 garbage-first heap   total 231424K, used 74817K [0x0000000080000000, 0x0000000100000000)
  region size 1024K, 7 young (7168K), 7 survivors (7168K)
 Metaspace       used 69732K, committed 70336K, reserved 1114112K
  class space    used 9405K, committed 9728K, reserved 1048576K
}
Event: 12.671 GC heap before
{Heap before GC invocations=17 (full 0):
 garbage-first heap   total 231424K, used 179265K [0x0000000080000000, 0x0000000100000000)
  region size 1024K, 109 young (111616K), 7 survivors (7168K)
 Metaspace       used 79523K, committed 80128K, reserved 1179648K
  class space    used 10756K, committed 11072K, reserved 1048576K
}
Event: 12.678 GC heap after
{Heap after GC invocations=18 (full 0):
 garbage-first heap   total 231424K, used 79425K [0x0000000080000000, 0x0000000100000000)
  region size 1024K, 12 young (12288K), 12 survivors (12288K)
 Metaspace       used 79523K, committed 80128K, reserved 1179648K
  class space    used 10756K, committed 11072K, reserved 1048576K
}
Event: 14.091 GC heap before
{Heap before GC invocations=18 (full 0):
 garbage-first heap   total 231424K, used 183873K [0x0000000080000000, 0x0000000100000000)
  region size 1024K, 113 young (115712K), 12 survivors (12288K)
 Metaspace       used 85475K, committed 86080K, reserved 1179648K
  class space    used 11560K, committed 11840K, reserved 1048576K
}
Event: 14.102 GC heap after
{Heap after GC invocations=19 (full 0):
 garbage-first heap   total 231424K, used 86034K [0x0000000080000000, 0x0000000100000000)
  region size 1024K, 12 young (12288K), 12 survivors (12288K)
 Metaspace       used 85475K, committed 86080K, reserved 1179648K
  class space    used 11560K, committed 11840K, reserved 1048576K
}
Event: 15.437 GC heap before
{Heap before GC invocations=19 (full 0):
 garbage-first heap   total 231424K, used 183314K [0x0000000080000000, 0x0000000100000000)
  region size 1024K, 107 young (109568K), 12 survivors (12288K)
 Metaspace       used 92366K, committed 93056K, reserved 1179648K
  class space    used 12754K, committed 13056K, reserved 1048576K
}
Event: 15.448 GC heap after
{Heap after GC invocations=20 (full 0):
 garbage-first heap   total 231424K, used 90286K [0x0000000080000000, 0x0000000100000000)
  region size 1024K, 11 young (11264K), 11 survivors (11264K)
 Metaspace       used 92366K, committed 93056K, reserved 1179648K
  class space    used 12754K, committed 13056K, reserved 1048576K
}
Event: 16.898 GC heap before
{Heap before GC invocations=20 (full 0):
 garbage-first heap   total 231424K, used 185518K [0x0000000080000000, 0x0000000100000000)
  region size 1024K, 105 young (107520K), 11 survivors (11264K)
 Metaspace       used 100062K, committed 100736K, reserved 1179648K
  class space    used 13863K, committed 14208K, reserved 1048576K
}
Event: 16.908 GC heap after
{Heap after GC invocations=21 (full 0):
 garbage-first heap   total 231424K, used 95752K [0x0000000080000000, 0x0000000100000000)
  region size 1024K, 10 young (10240K), 10 survivors (10240K)
 Metaspace       used 100062K, committed 100736K, reserved 1179648K
  class space    used 13863K, committed 14208K, reserved 1048576K
}
Event: 17.982 GC heap before
{Heap before GC invocations=22 (full 0):
 garbage-first heap   total 231424K, used 192008K [0x0000000080000000, 0x0000000100000000)
  region size 1024K, 100 young (102400K), 10 survivors (10240K)
 Metaspace       used 105318K, committed 106048K, reserved 1179648K
  class space    used 14620K, committed 14976K, reserved 1048576K
}
Event: 18.000 GC heap after
{Heap after GC invocations=23 (full 0):
 garbage-first heap   total 231424K, used 106082K [0x0000000080000000, 0x0000000100000000)
  region size 1024K, 13 young (13312K), 13 survivors (13312K)
 Metaspace       used 105318K, committed 106048K, reserved 1179648K
  class space    used 14620K, committed 14976K, reserved 1048576K
}
Event: 18.007 GC heap before
{Heap before GC invocations=23 (full 0):
 garbage-first heap   total 231424K, used 106082K [0x0000000080000000, 0x0000000100000000)
  region size 1024K, 14 young (14336K), 13 survivors (13312K)
 Metaspace       used 105323K, committed 106048K, reserved 1179648K
  class space    used 14620K, committed 14976K, reserved 1048576K
}
Event: 18.019 GC heap after
{Heap after GC invocations=24 (full 0):
 garbage-first heap   total 231424K, used 107643K [0x0000000080000000, 0x0000000100000000)
  region size 1024K, 2 young (2048K), 2 survivors (2048K)
 Metaspace       used 105323K, committed 106048K, reserved 1179648K
  class space    used 14620K, committed 14976K, reserved 1048576K
}
Event: 18.735 GC heap before
{Heap before GC invocations=24 (full 0):
 garbage-first heap   total 231424K, used 184443K [0x0000000080000000, 0x0000000100000000)
  region size 1024K, 78 young (79872K), 2 survivors (2048K)
 Metaspace       used 106180K, committed 106944K, reserved 1179648K
  class space    used 14706K, committed 15104K, reserved 1048576K
}
Event: 18.742 GC heap after
{Heap after GC invocations=25 (full 0):
 garbage-first heap   total 231424K, used 113163K [0x0000000080000000, 0x0000000100000000)
  region size 1024K, 8 young (8192K), 8 survivors (8192K)
 Metaspace       used 106180K, committed 106944K, reserved 1179648K
  class space    used 14706K, committed 15104K, reserved 1048576K
}
Event: 19.279 GC heap before
{Heap before GC invocations=26 (full 0):
 garbage-first heap   total 231424K, used 184843K [0x0000000080000000, 0x0000000100000000)
  region size 1024K, 79 young (80896K), 8 survivors (8192K)
 Metaspace       used 106560K, committed 107328K, reserved 1179648K
  class space    used 14710K, committed 15104K, reserved 1048576K
}
Event: 19.287 GC heap after
{Heap after GC invocations=27 (full 0):
 garbage-first heap   total 231424K, used 117249K [0x0000000080000000, 0x0000000100000000)
  region size 1024K, 6 young (6144K), 6 survivors (6144K)
 Metaspace       used 106560K, committed 107328K, reserved 1179648K
  class space    used 14710K, committed 15104K, reserved 1048576K
}
Event: 19.309 GC heap before
{Heap before GC invocations=27 (full 0):
 garbage-first heap   total 231424K, used 121345K [0x0000000080000000, 0x0000000100000000)
  region size 1024K, 11 young (11264K), 6 survivors (6144K)
 Metaspace       used 106567K, committed 107328K, reserved 1179648K
  class space    used 14710K, committed 15104K, reserved 1048576K
}
Event: 19.315 GC heap after
{Heap after GC invocations=28 (full 0):
 garbage-first heap   total 231424K, used 116489K [0x0000000080000000, 0x0000000100000000)
  region size 1024K, 2 young (2048K), 2 survivors (2048K)
 Metaspace       used 106567K, committed 107328K, reserved 1179648K
  class space    used 14710K, committed 15104K, reserved 1048576K
}
Event: 19.735 GC heap before
{Heap before GC invocations=28 (full 0):
 garbage-first heap   total 231424K, used 187145K [0x0000000080000000, 0x0000000100000000)
  region size 1024K, 72 young (73728K), 2 survivors (2048K)
 Metaspace       used 106926K, committed 107648K, reserved 1179648K
  class space    used 14744K, committed 15104K, reserved 1048576K
}

