# JRE version: OpenJDK Runtime Environment (17.0.9) (build 17.0.9+0--11185874)
# Java VM: OpenJDK 64-Bit Server VM (17.0.9+0--11185874, mixed mode, tiered, compressed oops, compressed class ptrs, g1 gc, windows-amd64)
GC Precious Log:
 CPUs: 12 total, 12 available
 Memory: 24427M
 Large Page Support: Disabled
 NUMA Support: Disabled
 Compressed Oops: Enabled (32-bit)
 Heap Region Size: 1M
 Heap Min Capacity: 8M
 Heap Initial Capacity: 382M
 Heap Max Capacity: 2G
 Pre-touch: Disabled
 Parallel Workers: 10
 Concurrent Workers: 3
 Concurrent Refinement Workers: 10
 Periodic GC: Disabled
Heap:
 garbage-first heap   total 397312K, used 284485K [0x0000000080000000, 0x0000000100000000)
  region size 1024K, 108 young (110592K), 11 survivors (11264K)
 Metaspace       used 120830K, committed 121792K, reserved 1179648K
  class space    used 16285K, committed 16704K, reserved 1048576K
GC Heap History (20 events):
Event: 17.181 GC heap before
{Heap before GC invocations=40 (full 0):
 garbage-first heap   total 196608K, used 160964K [0x0000000080000000, 0x0000000100000000)
  region size 1024K, 53 young (54272K), 3 survivors (3072K)
 Metaspace       used 98832K, committed 99712K, reserved 1179648K
  class space    used 13557K, committed 13952K, reserved 1048576K
}
Event: 17.186 GC heap after
{Heap after GC invocations=41 (full 0):
 garbage-first heap   total 196608K, used 113990K [0x0000000080000000, 0x0000000100000000)
  region size 1024K, 6 young (6144K), 6 survivors (6144K)
 Metaspace       used 98832K, committed 99712K, reserved 1179648K
  class space    used 13557K, committed 13952K, reserved 1048576K
}
Event: 17.212 GC heap before
{Heap before GC invocations=41 (full 0):
 garbage-first heap   total 196608K, used 117062K [0x0000000080000000, 0x0000000100000000)
  region size 1024K, 9 young (9216K), 6 survivors (6144K)
 Metaspace       used 98937K, committed 99776K, reserved 1179648K
  class space    used 13567K, committed 13952K, reserved 1048576K
}
Event: 17.218 GC heap after
{Heap after GC invocations=42 (full 0):
 garbage-first heap   total 196608K, used 115061K [0x0000000080000000, 0x0000000100000000)
  region size 1024K, 2 young (2048K), 2 survivors (2048K)
 Metaspace       used 98937K, committed 99776K, reserved 1179648K
  class space    used 13567K, committed 13952K, reserved 1048576K
}
Event: 17.953 GC heap before
{Heap before GC invocations=42 (full 0):
 garbage-first heap   total 196608K, used 178549K [0x0000000080000000, 0x0000000100000000)
  region size 1024K, 49 young (50176K), 2 survivors (2048K)
 Metaspace       used 103937K, committed 104832K, reserved 1179648K
  class space    used 14206K, committed 14592K, reserved 1048576K
}
Event: 17.960 GC heap after
{Heap after GC invocations=43 (full 0):
 garbage-first heap   total 196608K, used 134035K [0x0000000080000000, 0x0000000100000000)
  region size 1024K, 7 young (7168K), 7 survivors (7168K)
 Metaspace       used 103937K, committed 104832K, reserved 1179648K
  class space    used 14206K, committed 14592K, reserved 1048576K
}
Event: 18.311 GC heap before
{Heap before GC invocations=44 (full 0):
 garbage-first heap   total 234496K, used 162707K [0x0000000080000000, 0x0000000100000000)
  region size 1024K, 35 young (35840K), 7 survivors (7168K)
 Metaspace       used 104572K, committed 105472K, reserved 1179648K
  class space    used 14288K, committed 14720K, reserved 1048576K
}
Event: 18.316 GC heap after
{Heap after GC invocations=45 (full 0):
 garbage-first heap   total 234496K, used 136407K [0x0000000080000000, 0x0000000100000000)
  region size 1024K, 3 young (3072K), 3 survivors (3072K)
 Metaspace       used 104572K, committed 105472K, reserved 1179648K
  class space    used 14288K, committed 14720K, reserved 1048576K
}
Event: 18.441 GC heap before
{Heap before GC invocations=45 (full 0):
 garbage-first heap   total 234496K, used 144599K [0x0000000080000000, 0x0000000100000000)
  region size 1024K, 11 young (11264K), 3 survivors (3072K)
 Metaspace       used 105030K, committed 105920K, reserved 1179648K
  class space    used 14337K, committed 14784K, reserved 1048576K
}
Event: 18.444 GC heap after
{Heap after GC invocations=46 (full 0):
 garbage-first heap   total 234496K, used 136704K [0x0000000080000000, 0x0000000100000000)
  region size 1024K, 1 young (1024K), 1 survivors (1024K)
 Metaspace       used 105030K, committed 105920K, reserved 1179648K
  class space    used 14337K, committed 14784K, reserved 1048576K
}
Event: 18.757 GC heap before
{Heap before GC invocations=46 (full 0):
 garbage-first heap   total 234496K, used 194048K [0x0000000080000000, 0x0000000100000000)
  region size 1024K, 53 young (54272K), 1 survivors (1024K)
 Metaspace       used 105349K, committed 106240K, reserved 1179648K
  class space    used 14391K, committed 14848K, reserved 1048576K
}
Event: 18.768 GC heap after
{Heap after GC invocations=47 (full 0):
 garbage-first heap   total 397312K, used 155233K [0x0000000080000000, 0x0000000100000000)
  region size 1024K, 7 young (7168K), 7 survivors (7168K)
 Metaspace       used 105349K, committed 106240K, reserved 1179648K
  class space    used 14391K, committed 14848K, reserved 1048576K
}
Event: 20.286 GC heap before
{Heap before GC invocations=47 (full 0):
 garbage-first heap   total 397312K, used 287329K [0x0000000080000000, 0x0000000100000000)
  region size 1024K, 136 young (139264K), 7 survivors (7168K)
 Metaspace       used 105376K, committed 106240K, reserved 1179648K
  class space    used 14391K, committed 14848K, reserved 1048576K
}
Event: 20.294 GC heap after
{Heap after GC invocations=48 (full 0):
 garbage-first heap   total 397312K, used 161207K [0x0000000080000000, 0x0000000100000000)
  region size 1024K, 13 young (13312K), 13 survivors (13312K)
 Metaspace       used 105376K, committed 106240K, reserved 1179648K
  class space    used 14391K, committed 14848K, reserved 1048576K
}
Event: 22.457 GC heap before
{Heap before GC invocations=48 (full 0):
 garbage-first heap   total 397312K, used 312759K [0x0000000080000000, 0x0000000100000000)
  region size 1024K, 161 young (164864K), 13 survivors (13312K)
 Metaspace       used 105376K, committed 106240K, reserved 1179648K
  class space    used 14391K, committed 14848K, reserved 1048576K
}
Event: 22.467 GC heap after
{Heap after GC invocations=49 (full 0):
 garbage-first heap   total 397312K, used 166729K [0x0000000080000000, 0x0000000100000000)
  region size 1024K, 12 young (12288K), 12 survivors (12288K)
 Metaspace       used 105376K, committed 106240K, reserved 1179648K
  class space    used 14391K, committed 14848K, reserved 1048576K
}
Event: 23.907 GC heap before
{Heap before GC invocations=49 (full 0):
 garbage-first heap   total 397312K, used 335689K [0x0000000080000000, 0x0000000100000000)
  region size 1024K, 159 young (162816K), 12 survivors (12288K)
 Metaspace       used 105502K, committed 106368K, reserved 1179648K
  class space    used 14415K, committed 14848K, reserved 1048576K
}
Event: 23.919 GC heap after
{Heap after GC invocations=50 (full 0):
 garbage-first heap   total 397312K, used 177707K [0x0000000080000000, 0x0000000100000000)
  region size 1024K, 19 young (19456K), 19 survivors (19456K)
 Metaspace       used 105502K, committed 106368K, reserved 1179648K
  class space    used 14415K, committed 14848K, reserved 1048576K
}
Event: 25.897 GC heap before
{Heap before GC invocations=50 (full 0):
 garbage-first heap   total 397312K, used 320043K [0x0000000080000000, 0x0000000100000000)
  region size 1024K, 157 young (160768K), 19 survivors (19456K)
 Metaspace       used 116508K, committed 117376K, reserved 1179648K
  class space    used 15776K, committed 16192K, reserved 1048576K
}
Event: 25.913 GC heap after
{Heap after GC invocations=51 (full 0):
 garbage-first heap   total 397312K, used 186181K [0x0000000080000000, 0x0000000100000000)
  region size 1024K, 11 young (11264K), 11 survivors (11264K)
 Metaspace       used 116508K, committed 117376K, reserved 1179648K
  class space    used 15776K, committed 16192K, reserved 1048576K
}

