# JRE version: OpenJDK Runtime Environment (17.0.9) (build 17.0.9+0--11185874)
# Java VM: OpenJDK 64-Bit Server VM (17.0.9+0--11185874, mixed mode, tiered, compressed oops, compressed class ptrs, g1 gc, windows-amd64)
GC Precious Log:
 CPUs: 12 total, 12 available
 Memory: 24427M
 Large Page Support: Disabled
 NUMA Support: Disabled
 Compressed Oops: Enabled (32-bit)
 Heap Region Size: 1M
 Heap Min Capacity: 8M
 Heap Initial Capacity: 382M
 Heap Max Capacity: 2G
 Pre-touch: Disabled
 Parallel Workers: 10
 Concurrent Workers: 3
 Concurrent Refinement Workers: 10
 Periodic GC: Disabled
Heap:
 garbage-first heap   total 391168K, used 135839K [0x0000000080000000, 0x0000000100000000)
  region size 1024K, 4 young (4096K), 4 survivors (4096K)
 Metaspace       used 125527K, committed 126400K, reserved 1179648K
  class space    used 17066K, committed 17472K, reserved 1048576K
GC Heap History (20 events):
Event: 14.411 GC heap after
{Heap after GC invocations=20 (full 0):
 garbage-first heap   total 230400K, used 93309K [0x0000000080000000, 0x0000000100000000)
  region size 1024K, 9 young (9216K), 9 survivors (9216K)
 Metaspace       used 97598K, committed 98304K, reserved 1179648K
  class space    used 13548K, committed 13888K, reserved 1048576K
}
Event: 14.788 GC heap before
{Heap before GC invocations=20 (full 0):
 garbage-first heap   total 230400K, used 118909K [0x0000000080000000, 0x0000000100000000)
  region size 1024K, 35 young (35840K), 9 survivors (9216K)
 Metaspace       used 100127K, committed 100800K, reserved 1179648K
  class space    used 13860K, committed 14208K, reserved 1048576K
}
Event: 14.795 GC heap after
{Heap after GC invocations=21 (full 0):
 garbage-first heap   total 230400K, used 95615K [0x0000000080000000, 0x0000000100000000)
  region size 1024K, 7 young (7168K), 7 survivors (7168K)
 Metaspace       used 100127K, committed 100800K, reserved 1179648K
  class space    used 13860K, committed 14208K, reserved 1048576K
}
Event: 15.839 GC heap before
{Heap before GC invocations=22 (full 0):
 garbage-first heap   total 230400K, used 191871K [0x0000000080000000, 0x0000000100000000)
  region size 1024K, 97 young (99328K), 7 survivors (7168K)
 Metaspace       used 105282K, committed 106048K, reserved 1179648K
  class space    used 14615K, committed 14976K, reserved 1048576K
}
Event: 15.854 GC heap after
{Heap after GC invocations=23 (full 0):
 garbage-first heap   total 230400K, used 106130K [0x0000000080000000, 0x0000000100000000)
  region size 1024K, 13 young (13312K), 13 survivors (13312K)
 Metaspace       used 105282K, committed 106048K, reserved 1179648K
  class space    used 14615K, committed 14976K, reserved 1048576K
}
Event: 15.860 GC heap before
{Heap before GC invocations=23 (full 0):
 garbage-first heap   total 230400K, used 107154K [0x0000000080000000, 0x0000000100000000)
  region size 1024K, 14 young (14336K), 13 survivors (13312K)
 Metaspace       used 105285K, committed 106048K, reserved 1179648K
  class space    used 14615K, committed 14976K, reserved 1048576K
}
Event: 15.869 GC heap after
{Heap after GC invocations=24 (full 0):
 garbage-first heap   total 230400K, used 107429K [0x0000000080000000, 0x0000000100000000)
  region size 1024K, 2 young (2048K), 2 survivors (2048K)
 Metaspace       used 105285K, committed 106048K, reserved 1179648K
  class space    used 14615K, committed 14976K, reserved 1048576K
}
Event: 16.599 GC heap before
{Heap before GC invocations=24 (full 0):
 garbage-first heap   total 230400K, used 184229K [0x0000000080000000, 0x0000000100000000)
  region size 1024K, 78 young (79872K), 2 survivors (2048K)
 Metaspace       used 106126K, committed 106944K, reserved 1179648K
  class space    used 14699K, committed 15104K, reserved 1048576K
}
Event: 16.606 GC heap after
{Heap after GC invocations=25 (full 0):
 garbage-first heap   total 230400K, used 112847K [0x0000000080000000, 0x0000000100000000)
  region size 1024K, 8 young (8192K), 8 survivors (8192K)
 Metaspace       used 106126K, committed 106944K, reserved 1179648K
  class space    used 14699K, committed 15104K, reserved 1048576K
}
Event: 17.149 GC heap before
{Heap before GC invocations=26 (full 0):
 garbage-first heap   total 230400K, used 184527K [0x0000000080000000, 0x0000000100000000)
  region size 1024K, 79 young (80896K), 8 survivors (8192K)
 Metaspace       used 106484K, committed 107264K, reserved 1179648K
  class space    used 14704K, committed 15104K, reserved 1048576K
}
Event: 17.157 GC heap after
{Heap after GC invocations=27 (full 0):
 garbage-first heap   total 230400K, used 116639K [0x0000000080000000, 0x0000000100000000)
  region size 1024K, 6 young (6144K), 6 survivors (6144K)
 Metaspace       used 106484K, committed 107264K, reserved 1179648K
  class space    used 14704K, committed 15104K, reserved 1048576K
}
Event: 17.171 GC heap before
{Heap before GC invocations=27 (full 0):
 garbage-first heap   total 230400K, used 121759K [0x0000000080000000, 0x0000000100000000)
  region size 1024K, 11 young (11264K), 6 survivors (6144K)
 Metaspace       used 106492K, committed 107328K, reserved 1179648K
  class space    used 14704K, committed 15104K, reserved 1048576K
}
Event: 17.179 GC heap after
{Heap after GC invocations=28 (full 0):
 garbage-first heap   total 230400K, used 116221K [0x0000000080000000, 0x0000000100000000)
  region size 1024K, 1 young (1024K), 1 survivors (1024K)
 Metaspace       used 106492K, committed 107328K, reserved 1179648K
  class space    used 14704K, committed 15104K, reserved 1048576K
}
Event: 18.189 GC heap before
{Heap before GC invocations=28 (full 0):
 garbage-first heap   total 230400K, used 186877K [0x0000000080000000, 0x0000000100000000)
  region size 1024K, 71 young (72704K), 1 survivors (1024K)
 Metaspace       used 113125K, committed 113920K, reserved 1179648K
  class space    used 15609K, committed 16000K, reserved 1048576K
}
Event: 18.194 GC heap after
{Heap after GC invocations=29 (full 0):
 garbage-first heap   total 230400K, used 121102K [0x0000000080000000, 0x0000000100000000)
  region size 1024K, 6 young (6144K), 6 survivors (6144K)
 Metaspace       used 113125K, committed 113920K, reserved 1179648K
  class space    used 15609K, committed 16000K, reserved 1048576K
}
Event: 19.244 GC heap before
{Heap before GC invocations=30 (full 0):
 garbage-first heap   total 230400K, used 191758K [0x0000000080000000, 0x0000000100000000)
  region size 1024K, 72 young (73728K), 6 survivors (6144K)
 Metaspace       used 119799K, committed 120576K, reserved 1179648K
  class space    used 16274K, committed 16640K, reserved 1048576K
}
Event: 19.251 GC heap after
{Heap after GC invocations=31 (full 0):
 garbage-first heap   total 230400K, used 133617K [0x0000000080000000, 0x0000000100000000)
  region size 1024K, 9 young (9216K), 9 survivors (9216K)
 Metaspace       used 119799K, committed 120576K, reserved 1179648K
  class space    used 16274K, committed 16640K, reserved 1048576K
}
Event: 19.279 GC heap before
{Heap before GC invocations=31 (full 0):
 garbage-first heap   total 230400K, used 135665K [0x0000000080000000, 0x0000000100000000)
  region size 1024K, 11 young (11264K), 9 survivors (9216K)
 Metaspace       used 120046K, committed 120896K, reserved 1179648K
  class space    used 16301K, committed 16704K, reserved 1048576K
}
Event: 19.284 GC heap after
{Heap after GC invocations=32 (full 0):
 garbage-first heap   total 230400K, used 133881K [0x0000000080000000, 0x0000000100000000)
  region size 1024K, 2 young (2048K), 2 survivors (2048K)
 Metaspace       used 120046K, committed 120896K, reserved 1179648K
  class space    used 16301K, committed 16704K, reserved 1048576K
}
Event: 20.120 GC heap before
{Heap before GC invocations=32 (full 0):
 garbage-first heap   total 230400K, used 188153K [0x0000000080000000, 0x0000000100000000)
  region size 1024K, 55 young (56320K), 2 survivors (2048K)
 Metaspace       used 125527K, committed 126400K, reserved 1179648K
  class space    used 17066K, committed 17472K, reserved 1048576K
}

