# JRE version: OpenJDK Runtime Environment (17.0.9) (build 17.0.9+0--11185874)
# Java VM: OpenJDK 64-Bit Server VM (17.0.9+0--11185874, mixed mode, tiered, compressed oops, compressed class ptrs, g1 gc, windows-amd64)
GC Precious Log:
 CPUs: 12 total, 12 available
 Memory: 24427M
 Large Page Support: Disabled
 NUMA Support: Disabled
 Compressed Oops: Enabled (32-bit)
 Heap Region Size: 1M
 Heap Min Capacity: 8M
 Heap Initial Capacity: 382M
 Heap Max Capacity: 2G
 Pre-touch: Disabled
 Parallel Workers: 10
 Concurrent Workers: 3
 Concurrent Refinement Workers: 10
 Periodic GC: Disabled
Heap:
 garbage-first heap   total 391168K, used 288595K [0x0000000080000000, 0x0000000100000000)
  region size 1024K, 12 young (12288K), 2 survivors (2048K)
 Metaspace       used 162059K, committed 164864K, reserved 1245184K
  class space    used 22025K, committed 22976K, reserved 1048576K
GC Heap History (20 events):
Event: 41.125 GC heap before
{Heap before GC invocations=63 (full 0):
 garbage-first heap   total 330752K, used 290911K [0x0000000080000000, 0x0000000100000000)
  region size 1024K, 21 young (21504K), 2 survivors (2048K)
 Metaspace       used 162178K, committed 163392K, reserved 1245184K
  class space    used 21486K, committed 22080K, reserved 1048576K
}
Event: 41.128 GC heap after
{Heap after GC invocations=64 (full 0):
 garbage-first heap   total 330752K, used 275187K [0x0000000080000000, 0x0000000100000000)
  region size 1024K, 3 young (3072K), 3 survivors (3072K)
 Metaspace       used 162178K, committed 163392K, reserved 1245184K
  class space    used 21486K, committed 22080K, reserved 1048576K
}
Event: 41.283 GC heap before
{Heap before GC invocations=64 (full 0):
 garbage-first heap   total 330752K, used 288499K [0x0000000080000000, 0x0000000100000000)
  region size 1024K, 17 young (17408K), 3 survivors (3072K)
 Metaspace       used 162792K, committed 163968K, reserved 1245184K
  class space    used 21583K, committed 22144K, reserved 1048576K
}
Event: 41.288 GC heap after
{Heap after GC invocations=65 (full 0):
 garbage-first heap   total 330752K, used 276573K [0x0000000080000000, 0x0000000100000000)
  region size 1024K, 2 young (2048K), 2 survivors (2048K)
 Metaspace       used 162792K, committed 163968K, reserved 1245184K
  class space    used 21583K, committed 22144K, reserved 1048576K
}
Event: 41.383 GC heap before
{Heap before GC invocations=65 (full 0):
 garbage-first heap   total 330752K, used 289885K [0x0000000080000000, 0x0000000100000000)
  region size 1024K, 16 young (16384K), 2 survivors (2048K)
 Metaspace       used 163290K, committed 164416K, reserved 1245184K
  class space    used 21668K, committed 22208K, reserved 1048576K
}
Event: 41.386 GC heap after
{Heap after GC invocations=66 (full 0):
 garbage-first heap   total 330752K, used 276548K [0x0000000080000000, 0x0000000100000000)
  region size 1024K, 1 young (1024K), 1 survivors (1024K)
 Metaspace       used 163290K, committed 164416K, reserved 1245184K
  class space    used 21668K, committed 22208K, reserved 1048576K
}
Event: 41.576 GC heap before
{Heap before GC invocations=66 (full 0):
 garbage-first heap   total 330752K, used 290884K [0x0000000080000000, 0x0000000100000000)
  region size 1024K, 16 young (16384K), 1 survivors (1024K)
 Metaspace       used 164540K, committed 165632K, reserved 1245184K
  class space    used 21852K, committed 22400K, reserved 1048576K
}
Event: 41.578 GC heap after
{Heap after GC invocations=67 (full 0):
 garbage-first heap   total 330752K, used 277586K [0x0000000080000000, 0x0000000100000000)
  region size 1024K, 2 young (2048K), 2 survivors (2048K)
 Metaspace       used 164540K, committed 165632K, reserved 1245184K
  class space    used 21852K, committed 22400K, reserved 1048576K
}
Event: 41.758 GC heap before
{Heap before GC invocations=67 (full 0):
 garbage-first heap   total 330752K, used 290898K [0x0000000080000000, 0x0000000100000000)
  region size 1024K, 16 young (16384K), 2 survivors (2048K)
 Metaspace       used 166339K, committed 167616K, reserved 1245184K
  class space    used 22145K, committed 22784K, reserved 1048576K
}
Event: 41.761 GC heap after
{Heap after GC invocations=68 (full 0):
 garbage-first heap   total 330752K, used 277949K [0x0000000080000000, 0x0000000100000000)
  region size 1024K, 1 young (1024K), 1 survivors (1024K)
 Metaspace       used 166339K, committed 167616K, reserved 1245184K
  class space    used 22145K, committed 22784K, reserved 1048576K
}
Event: 41.939 GC heap before
{Heap before GC invocations=68 (full 0):
 garbage-first heap   total 330752K, used 292285K [0x0000000080000000, 0x0000000100000000)
  region size 1024K, 16 young (16384K), 1 survivors (1024K)
 Metaspace       used 168072K, committed 169280K, reserved 1245184K
  class space    used 22424K, committed 23040K, reserved 1048576K
}
Event: 41.941 GC heap after
{Heap after GC invocations=69 (full 0):
 garbage-first heap   total 330752K, used 278833K [0x0000000080000000, 0x0000000100000000)
  region size 1024K, 2 young (2048K), 2 survivors (2048K)
 Metaspace       used 168072K, committed 169280K, reserved 1245184K
  class space    used 22424K, committed 23040K, reserved 1048576K
}
Event: 42.113 GC heap before
{Heap before GC invocations=69 (full 0):
 garbage-first heap   total 330752K, used 293169K [0x0000000080000000, 0x0000000100000000)
  region size 1024K, 16 young (16384K), 2 survivors (2048K)
 Metaspace       used 169837K, committed 171072K, reserved 1245184K
  class space    used 22754K, committed 23360K, reserved 1048576K
}
Event: 42.116 GC heap after
{Heap after GC invocations=70 (full 0):
 garbage-first heap   total 330752K, used 279725K [0x0000000080000000, 0x0000000100000000)
  region size 1024K, 2 young (2048K), 2 survivors (2048K)
 Metaspace       used 169837K, committed 171072K, reserved 1245184K
  class space    used 22754K, committed 23360K, reserved 1048576K
}
Event: 42.259 GC heap before
{Heap before GC invocations=70 (full 0):
 garbage-first heap   total 330752K, used 293037K [0x0000000080000000, 0x0000000100000000)
  region size 1024K, 16 young (16384K), 2 survivors (2048K)
 Metaspace       used 171652K, committed 172864K, reserved 1245184K
  class space    used 23004K, committed 23616K, reserved 1048576K
}
Event: 42.263 GC heap after
{Heap after GC invocations=71 (full 0):
 garbage-first heap   total 330752K, used 279969K [0x0000000080000000, 0x0000000100000000)
  region size 1024K, 2 young (2048K), 2 survivors (2048K)
 Metaspace       used 171652K, committed 172864K, reserved 1245184K
  class space    used 23004K, committed 23616K, reserved 1048576K
}
Event: 42.443 GC heap before
{Heap before GC invocations=71 (full 0):
 garbage-first heap   total 330752K, used 293281K [0x0000000080000000, 0x0000000100000000)
  region size 1024K, 16 young (16384K), 2 survivors (2048K)
 Metaspace       used 173303K, committed 174528K, reserved 1245184K
  class space    used 23389K, committed 24000K, reserved 1048576K
}
Event: 42.446 GC heap after
{Heap after GC invocations=72 (full 0):
 garbage-first heap   total 330752K, used 280698K [0x0000000080000000, 0x0000000100000000)
  region size 1024K, 2 young (2048K), 2 survivors (2048K)
 Metaspace       used 173303K, committed 174528K, reserved 1245184K
  class space    used 23389K, committed 24000K, reserved 1048576K
}
Event: 42.624 GC heap before
{Heap before GC invocations=72 (full 0):
 garbage-first heap   total 330752K, used 292986K [0x0000000080000000, 0x0000000100000000)
  region size 1024K, 16 young (16384K), 2 survivors (2048K)
 Metaspace       used 174772K, committed 176000K, reserved 1245184K
  class space    used 23680K, committed 24320K, reserved 1048576K
}
Event: 42.628 GC heap after
{Heap after GC invocations=73 (full 0):
 garbage-first heap   total 330752K, used 281427K [0x0000000080000000, 0x0000000100000000)
  region size 1024K, 2 young (2048K), 2 survivors (2048K)
 Metaspace       used 174772K, committed 176000K, reserved 1245184K
  class space    used 23680K, committed 24320K, reserved 1048576K
}

