# JRE version: OpenJDK Runtime Environment (17.0.9) (build 17.0.9+0--11185874)
# Java VM: OpenJDK 64-Bit Server VM (17.0.9+0--11185874, mixed mode, tiered, compressed oops, compressed class ptrs, g1 gc, windows-amd64)
GC Precious Log:
 CPUs: 12 total, 12 available
 Memory: 24427M
 Large Page Support: Disabled
 NUMA Support: Disabled
 Compressed Oops: Enabled (32-bit)
 Heap Region Size: 1M
 Heap Min Capacity: 8M
 Heap Initial Capacity: 382M
 Heap Max Capacity: 2G
 Pre-touch: Disabled
 Parallel Workers: 10
 Concurrent Workers: 3
 Concurrent Refinement Workers: 10
 Periodic GC: Disabled
Heap:
 garbage-first heap   total 391168K, used 144907K [0x0000000080000000, 0x0000000100000000)
  region size 1024K, 4 young (4096K), 4 survivors (4096K)
 Metaspace       used 122302K, committed 123200K, reserved 1179648K
  class space    used 16631K, committed 17024K, reserved 1048576K
GC Heap History (20 events):
Event: 17.572 GC heap after
{Heap after GC invocations=24 (full 0):
 garbage-first heap   total 231424K, used 94533K [0x0000000080000000, 0x0000000100000000)
  region size 1024K, 10 young (10240K), 10 survivors (10240K)
 Metaspace       used 98279K, committed 98944K, reserved 1179648K
  class space    used 13667K, committed 13952K, reserved 1048576K
}
Event: 17.591 GC heap before
{Heap before GC invocations=24 (full 0):
 garbage-first heap   total 231424K, used 94533K [0x0000000080000000, 0x0000000100000000)
  region size 1024K, 11 young (11264K), 10 survivors (10240K)
 Metaspace       used 98361K, committed 99072K, reserved 1179648K
  class space    used 13677K, committed 14016K, reserved 1048576K
}
Event: 17.599 GC heap after
{Heap after GC invocations=25 (full 0):
 garbage-first heap   total 231424K, used 95547K [0x0000000080000000, 0x0000000100000000)
  region size 1024K, 2 young (2048K), 2 survivors (2048K)
 Metaspace       used 98361K, committed 99072K, reserved 1179648K
  class space    used 13677K, committed 14016K, reserved 1048576K
}
Event: 19.316 GC heap before
{Heap before GC invocations=25 (full 0):
 garbage-first heap   total 231424K, used 195899K [0x0000000080000000, 0x0000000100000000)
  region size 1024K, 96 young (98304K), 2 survivors (2048K)
 Metaspace       used 105389K, committed 106176K, reserved 1179648K
  class space    used 14623K, committed 14976K, reserved 1048576K
}
Event: 19.328 GC heap after
{Heap after GC invocations=26 (full 0):
 garbage-first heap   total 231424K, used 105182K [0x0000000080000000, 0x0000000100000000)
  region size 1024K, 11 young (11264K), 11 survivors (11264K)
 Metaspace       used 105389K, committed 106176K, reserved 1179648K
  class space    used 14623K, committed 14976K, reserved 1048576K
}
Event: 20.186 GC heap before
{Heap before GC invocations=26 (full 0):
 garbage-first heap   total 231424K, used 188126K [0x0000000080000000, 0x0000000100000000)
  region size 1024K, 93 young (95232K), 11 survivors (11264K)
 Metaspace       used 106129K, committed 106944K, reserved 1179648K
  class space    used 14681K, committed 15040K, reserved 1048576K
}
Event: 20.198 GC heap after
{Heap after GC invocations=27 (full 0):
 garbage-first heap   total 231424K, used 112056K [0x0000000080000000, 0x0000000100000000)
  region size 1024K, 8 young (8192K), 8 survivors (8192K)
 Metaspace       used 106129K, committed 106944K, reserved 1179648K
  class space    used 14681K, committed 15040K, reserved 1048576K
}
Event: 21.040 GC heap before
{Heap before GC invocations=27 (full 0):
 garbage-first heap   total 231424K, used 187832K [0x0000000080000000, 0x0000000100000000)
  region size 1024K, 83 young (84992K), 8 survivors (8192K)
 Metaspace       used 107887K, committed 108672K, reserved 1179648K
  class space    used 14921K, committed 15296K, reserved 1048576K
}
Event: 21.054 GC heap after
{Heap after GC invocations=28 (full 0):
 garbage-first heap   total 231424K, used 120276K [0x0000000080000000, 0x0000000100000000)
  region size 1024K, 10 young (10240K), 10 survivors (10240K)
 Metaspace       used 107887K, committed 108672K, reserved 1179648K
  class space    used 14921K, committed 15296K, reserved 1048576K
}
Event: 22.366 GC heap before
{Heap before GC invocations=29 (full 0):
 garbage-first heap   total 231424K, used 188884K [0x0000000080000000, 0x0000000100000000)
  region size 1024K, 76 young (77824K), 10 survivors (10240K)
 Metaspace       used 115597K, committed 116480K, reserved 1179648K
  class space    used 15936K, committed 16384K, reserved 1048576K
}
Event: 22.376 GC heap after
{Heap after GC invocations=30 (full 0):
 garbage-first heap   total 231424K, used 127159K [0x0000000080000000, 0x0000000100000000)
  region size 1024K, 5 young (5120K), 5 survivors (5120K)
 Metaspace       used 115597K, committed 116480K, reserved 1179648K
  class space    used 15936K, committed 16384K, reserved 1048576K
}
Event: 22.453 GC heap before
{Heap before GC invocations=30 (full 0):
 garbage-first heap   total 231424K, used 133303K [0x0000000080000000, 0x0000000100000000)
  region size 1024K, 11 young (11264K), 5 survivors (5120K)
 Metaspace       used 115738K, committed 116608K, reserved 1179648K
  class space    used 15965K, committed 16384K, reserved 1048576K
}
Event: 22.458 GC heap after
{Heap after GC invocations=31 (full 0):
 garbage-first heap   total 231424K, used 121784K [0x0000000080000000, 0x0000000100000000)
  region size 1024K, 1 young (1024K), 1 survivors (1024K)
 Metaspace       used 115738K, committed 116608K, reserved 1179648K
  class space    used 15965K, committed 16384K, reserved 1048576K
}
Event: 22.766 GC heap before
{Heap before GC invocations=31 (full 0):
 garbage-first heap   total 231424K, used 189368K [0x0000000080000000, 0x0000000100000000)
  region size 1024K, 68 young (69632K), 1 survivors (1024K)
 Metaspace       used 116049K, committed 116864K, reserved 1179648K
  class space    used 15994K, committed 16384K, reserved 1048576K
}
Event: 22.772 GC heap after
{Heap after GC invocations=32 (full 0):
 garbage-first heap   total 231424K, used 125492K [0x0000000080000000, 0x0000000100000000)
  region size 1024K, 5 young (5120K), 5 survivors (5120K)
 Metaspace       used 116049K, committed 116864K, reserved 1179648K
  class space    used 15994K, committed 16384K, reserved 1048576K
}
Event: 23.572 GC heap before
{Heap before GC invocations=33 (full 0):
 garbage-first heap   total 231424K, used 192052K [0x0000000080000000, 0x0000000100000000)
  region size 1024K, 69 young (70656K), 5 survivors (5120K)
 Metaspace       used 116446K, committed 117248K, reserved 1179648K
  class space    used 16047K, committed 16448K, reserved 1048576K
}
Event: 23.583 GC heap after
{Heap after GC invocations=34 (full 0):
 garbage-first heap   total 231424K, used 141826K [0x0000000080000000, 0x0000000100000000)
  region size 1024K, 9 young (9216K), 9 survivors (9216K)
 Metaspace       used 116446K, committed 117248K, reserved 1179648K
  class space    used 16047K, committed 16448K, reserved 1048576K
}
Event: 23.605 GC heap before
{Heap before GC invocations=34 (full 0):
 garbage-first heap   total 231424K, used 143874K [0x0000000080000000, 0x0000000100000000)
  region size 1024K, 11 young (11264K), 9 survivors (9216K)
 Metaspace       used 116446K, committed 117248K, reserved 1179648K
  class space    used 16047K, committed 16448K, reserved 1048576K
}
Event: 23.614 GC heap after
{Heap after GC invocations=35 (full 0):
 garbage-first heap   total 231424K, used 142219K [0x0000000080000000, 0x0000000100000000)
  region size 1024K, 2 young (2048K), 2 survivors (2048K)
 Metaspace       used 116446K, committed 117248K, reserved 1179648K
  class space    used 16047K, committed 16448K, reserved 1048576K
}
Event: 24.331 GC heap before
{Heap before GC invocations=35 (full 0):
 garbage-first heap   total 231424K, used 187275K [0x0000000080000000, 0x0000000100000000)
  region size 1024K, 45 young (46080K), 2 survivors (2048K)
 Metaspace       used 122302K, committed 123200K, reserved 1179648K
  class space    used 16631K, committed 17024K, reserved 1048576K
}

