# JRE version: OpenJDK Runtime Environment (17.0.9) (build 17.0.9+0--11185874)
# Java VM: OpenJDK 64-Bit Server VM (17.0.9+0--11185874, mixed mode, tiered, compressed oops, compressed class ptrs, g1 gc, windows-amd64)
GC Precious Log:
 CPUs: 12 total, 12 available
 Memory: 24427M
 Large Page Support: Disabled
 NUMA Support: Disabled
 Compressed Oops: Enabled (32-bit)
 Heap Region Size: 1M
 Heap Min Capacity: 8M
 Heap Initial Capacity: 382M
 Heap Max Capacity: 2G
 Pre-touch: Disabled
 Parallel Workers: 10
 Concurrent Workers: 3
 Concurrent Refinement Workers: 10
 Periodic GC: Disabled
Heap:
 garbage-first heap   total 413696K, used 174712K [0x0000000080000000, 0x0000000100000000)
  region size 1024K, 4 young (4096K), 4 survivors (4096K)
 Metaspace       used 169130K, committed 171840K, reserved 1245184K
  class space    used 22810K, committed 24192K, reserved 1048576K
GC Heap History (20 events):
Event: 15045.839 GC heap after
{Heap after GC invocations=84 (full 2):
 garbage-first heap   total 413696K, used 163934K [0x0000000080000000, 0x0000000100000000)
  region size 1024K, 2 young (2048K), 2 survivors (2048K)
 Metaspace       used 181629K, committed 183872K, reserved 1245184K
  class space    used 24580K, committed 25664K, reserved 1048576K
}
Event: 15063.372 GC heap before
{Heap before GC invocations=84 (full 2):
 garbage-first heap   total 413696K, used 312414K [0x0000000080000000, 0x0000000100000000)
  region size 1024K, 149 young (152576K), 2 survivors (2048K)
 Metaspace       used 181866K, committed 184064K, reserved 1245184K
  class space    used 24604K, committed 25664K, reserved 1048576K
}
Event: 15063.383 GC heap after
{Heap after GC invocations=85 (full 2):
 garbage-first heap   total 413696K, used 177347K [0x0000000080000000, 0x0000000100000000)
  region size 1024K, 15 young (15360K), 15 survivors (15360K)
 Metaspace       used 181866K, committed 184064K, reserved 1245184K
  class space    used 24604K, committed 25664K, reserved 1048576K
}
Event: 15064.946 GC heap before
{Heap before GC invocations=86 (full 2):
 garbage-first heap   total 413696K, used 332736K [0x0000000080000000, 0x0000000100000000)
  region size 1024K, 166 young (169984K), 15 survivors (15360K)
 Metaspace       used 176831K, committed 178944K, reserved 1245184K
  class space    used 23757K, committed 24768K, reserved 1048576K
}
Event: 15064.959 GC heap after
{Heap after GC invocations=87 (full 2):
 garbage-first heap   total 413696K, used 192912K [0x0000000080000000, 0x0000000100000000)
  region size 1024K, 19 young (19456K), 19 survivors (19456K)
 Metaspace       used 176831K, committed 178944K, reserved 1245184K
  class space    used 23757K, committed 24768K, reserved 1048576K
}
Event: 15064.965 GC heap before
{Heap before GC invocations=87 (full 2):
 garbage-first heap   total 413696K, used 193936K [0x0000000080000000, 0x0000000100000000)
  region size 1024K, 20 young (20480K), 19 survivors (19456K)
 Metaspace       used 176833K, committed 178944K, reserved 1245184K
  class space    used 23757K, committed 24768K, reserved 1048576K
}
Event: 15064.973 GC heap after
{Heap after GC invocations=88 (full 2):
 garbage-first heap   total 413696K, used 177766K [0x0000000080000000, 0x0000000100000000)
  region size 1024K, 3 young (3072K), 3 survivors (3072K)
 Metaspace       used 176833K, committed 178944K, reserved 1245184K
  class space    used 23757K, committed 24768K, reserved 1048576K
}
Event: 15066.129 GC heap before
{Heap before GC invocations=88 (full 2):
 garbage-first heap   total 413696K, used 292454K [0x0000000080000000, 0x0000000100000000)
  region size 1024K, 117 young (119808K), 3 survivors (3072K)
 Metaspace       used 181627K, committed 183808K, reserved 1245184K
  class space    used 24574K, committed 25600K, reserved 1048576K
}
Event: 15066.136 GC heap after
{Heap after GC invocations=89 (full 2):
 garbage-first heap   total 413696K, used 182978K [0x0000000080000000, 0x0000000100000000)
  region size 1024K, 8 young (8192K), 8 survivors (8192K)
 Metaspace       used 181627K, committed 183808K, reserved 1245184K
  class space    used 24574K, committed 25600K, reserved 1048576K
}
Event: 15066.673 GC heap before
{Heap before GC invocations=90 (full 2):
 garbage-first heap   total 413696K, used 320194K [0x0000000080000000, 0x0000000100000000)
  region size 1024K, 151 young (154624K), 8 survivors (8192K)
 Metaspace       used 181699K, committed 183872K, reserved 1245184K
  class space    used 24577K, committed 25600K, reserved 1048576K
}
Event: 15066.680 GC heap after
{Heap after GC invocations=91 (full 2):
 garbage-first heap   total 413696K, used 175704K [0x0000000080000000, 0x0000000100000000)
  region size 1024K, 9 young (9216K), 9 survivors (9216K)
 Metaspace       used 181699K, committed 183872K, reserved 1245184K
  class space    used 24577K, committed 25600K, reserved 1048576K
}
Event: 15066.840 GC heap before
{Heap before GC invocations=91 (full 2):
 garbage-first heap   total 413696K, used 201304K [0x0000000080000000, 0x0000000100000000)
  region size 1024K, 20 young (20480K), 9 survivors (9216K)
 Metaspace       used 181717K, committed 183872K, reserved 1245184K
  class space    used 24577K, committed 25600K, reserved 1048576K
}
Event: 15066.847 GC heap after
{Heap after GC invocations=92 (full 2):
 garbage-first heap   total 413696K, used 160632K [0x0000000080000000, 0x0000000100000000)
  region size 1024K, 2 young (2048K), 2 survivors (2048K)
 Metaspace       used 181717K, committed 183872K, reserved 1245184K
  class space    used 24577K, committed 25600K, reserved 1048576K
}
Event: 15119.687 GC heap before
{Heap before GC invocations=92 (full 2):
 garbage-first heap   total 413696K, used 329592K [0x0000000080000000, 0x0000000100000000)
  region size 1024K, 168 young (172032K), 2 survivors (2048K)
 Metaspace       used 181875K, committed 184064K, reserved 1245184K
  class space    used 24600K, committed 25664K, reserved 1048576K
}
Event: 15119.698 GC heap after
{Heap after GC invocations=93 (full 2):
 garbage-first heap   total 413696K, used 172300K [0x0000000080000000, 0x0000000100000000)
  region size 1024K, 13 young (13312K), 13 survivors (13312K)
 Metaspace       used 181875K, committed 184064K, reserved 1245184K
  class space    used 24600K, committed 25664K, reserved 1048576K
}
Event: 15120.466 GC heap before
{Heap before GC invocations=94 (full 2):
 garbage-first heap   total 413696K, used 332044K [0x0000000080000000, 0x0000000100000000)
  region size 1024K, 170 young (174080K), 13 survivors (13312K)
 Metaspace       used 168762K, committed 171648K, reserved 1245184K
  class space    used 22757K, committed 24192K, reserved 1048576K
}
Event: 15120.483 GC heap after
{Heap after GC invocations=95 (full 2):
 garbage-first heap   total 413696K, used 184640K [0x0000000080000000, 0x0000000100000000)
  region size 1024K, 13 young (13312K), 13 survivors (13312K)
 Metaspace       used 168762K, committed 171648K, reserved 1245184K
  class space    used 22757K, committed 24192K, reserved 1048576K
}
Event: 15120.495 GC heap before
{Heap before GC invocations=95 (full 2):
 garbage-first heap   total 413696K, used 191808K [0x0000000080000000, 0x0000000100000000)
  region size 1024K, 20 young (20480K), 13 survivors (13312K)
 Metaspace       used 168762K, committed 171648K, reserved 1245184K
  class space    used 22757K, committed 24192K, reserved 1048576K
}
Event: 15120.501 GC heap after
{Heap after GC invocations=96 (full 2):
 garbage-first heap   total 413696K, used 173104K [0x0000000080000000, 0x0000000100000000)
  region size 1024K, 3 young (3072K), 3 survivors (3072K)
 Metaspace       used 168762K, committed 171648K, reserved 1245184K
  class space    used 22757K, committed 24192K, reserved 1048576K
}
Event: 15120.979 GC heap before
{Heap before GC invocations=96 (full 2):
 garbage-first heap   total 413696K, used 242736K [0x0000000080000000, 0x0000000100000000)
  region size 1024K, 73 young (74752K), 3 survivors (3072K)
 Metaspace       used 169130K, committed 171840K, reserved 1245184K
  class space    used 22810K, committed 24192K, reserved 1048576K
}

