# JRE version: OpenJDK Runtime Environment (17.0.9) (build 17.0.9+0--11185874)
# Java VM: OpenJDK 64-Bit Server VM (17.0.9+0--11185874, mixed mode, tiered, compressed oops, compressed class ptrs, g1 gc, windows-amd64)
GC Precious Log:
 CPUs: 12 total, 12 available
 Memory: 24427M
 Large Page Support: Disabled
 NUMA Support: Disabled
 Compressed Oops: Enabled (32-bit)
 Heap Region Size: 1M
 Heap Min Capacity: 8M
 Heap Initial Capacity: 382M
 Heap Max Capacity: 2G
 Pre-touch: Disabled
 Parallel Workers: 10
 Concurrent Workers: 3
 Concurrent Refinement Workers: 10
 Periodic GC: Disabled
Heap:
 garbage-first heap   total 391168K, used 135612K [0x0000000080000000, 0x0000000100000000)
  region size 1024K, 3 young (3072K), 3 survivors (3072K)
 Metaspace       used 125479K, committed 126272K, reserved 1179648K
  class space    used 17062K, committed 17472K, reserved 1048576K
GC Heap History (20 events):
Event: 15.817 GC heap after
{Heap after GC invocations=19 (full 0):
 garbage-first heap   total 231424K, used 90616K [0x0000000080000000, 0x0000000100000000)
  region size 1024K, 5 young (5120K), 5 survivors (5120K)
 Metaspace       used 91964K, committed 92672K, reserved 1179648K
  class space    used 12672K, committed 12992K, reserved 1048576K
}
Event: 17.301 GC heap before
{Heap before GC invocations=19 (full 0):
 garbage-first heap   total 231424K, used 184824K [0x0000000080000000, 0x0000000100000000)
  region size 1024K, 98 young (100352K), 5 survivors (5120K)
 Metaspace       used 99794K, committed 100480K, reserved 1179648K
  class space    used 13821K, committed 14144K, reserved 1048576K
}
Event: 17.310 GC heap after
{Heap after GC invocations=20 (full 0):
 garbage-first heap   total 231424K, used 94701K [0x0000000080000000, 0x0000000100000000)
  region size 1024K, 9 young (9216K), 9 survivors (9216K)
 Metaspace       used 99794K, committed 100480K, reserved 1179648K
  class space    used 13821K, committed 14144K, reserved 1048576K
}
Event: 18.587 GC heap before
{Heap before GC invocations=21 (full 0):
 garbage-first heap   total 231424K, used 191981K [0x0000000080000000, 0x0000000100000000)
  region size 1024K, 100 young (102400K), 9 survivors (9216K)
 Metaspace       used 105330K, committed 106112K, reserved 1179648K
  class space    used 14619K, committed 14976K, reserved 1048576K
}
Event: 18.602 GC heap after
{Heap after GC invocations=22 (full 0):
 garbage-first heap   total 231424K, used 105203K [0x0000000080000000, 0x0000000100000000)
  region size 1024K, 13 young (13312K), 13 survivors (13312K)
 Metaspace       used 105330K, committed 106112K, reserved 1179648K
  class space    used 14619K, committed 14976K, reserved 1048576K
}
Event: 18.610 GC heap before
{Heap before GC invocations=22 (full 0):
 garbage-first heap   total 231424K, used 106227K [0x0000000080000000, 0x0000000100000000)
  region size 1024K, 14 young (14336K), 13 survivors (13312K)
 Metaspace       used 105334K, committed 106112K, reserved 1179648K
  class space    used 14619K, committed 14976K, reserved 1048576K
}
Event: 18.623 GC heap after
{Heap after GC invocations=23 (full 0):
 garbage-first heap   total 231424K, used 106929K [0x0000000080000000, 0x0000000100000000)
  region size 1024K, 2 young (2048K), 2 survivors (2048K)
 Metaspace       used 105334K, committed 106112K, reserved 1179648K
  class space    used 14619K, committed 14976K, reserved 1048576K
}
Event: 19.371 GC heap before
{Heap before GC invocations=23 (full 0):
 garbage-first heap   total 231424K, used 184753K [0x0000000080000000, 0x0000000100000000)
  region size 1024K, 79 young (80896K), 2 survivors (2048K)
 Metaspace       used 106019K, committed 106816K, reserved 1179648K
  class space    used 14674K, committed 15040K, reserved 1048576K
}
Event: 19.379 GC heap after
{Heap after GC invocations=24 (full 0):
 garbage-first heap   total 231424K, used 112670K [0x0000000080000000, 0x0000000100000000)
  region size 1024K, 8 young (8192K), 8 survivors (8192K)
 Metaspace       used 106019K, committed 106816K, reserved 1179648K
  class space    used 14674K, committed 15040K, reserved 1048576K
}
Event: 20.140 GC heap before
{Heap before GC invocations=25 (full 0):
 garbage-first heap   total 231424K, used 185374K [0x0000000080000000, 0x0000000100000000)
  region size 1024K, 80 young (81920K), 8 survivors (8192K)
 Metaspace       used 106543K, committed 107392K, reserved 1179648K
  class space    used 14711K, committed 15104K, reserved 1048576K
}
Event: 20.150 GC heap after
{Heap after GC invocations=26 (full 0):
 garbage-first heap   total 231424K, used 116649K [0x0000000080000000, 0x0000000100000000)
  region size 1024K, 7 young (7168K), 7 survivors (7168K)
 Metaspace       used 106543K, committed 107392K, reserved 1179648K
  class space    used 14711K, committed 15104K, reserved 1048576K
}
Event: 20.161 GC heap before
{Heap before GC invocations=26 (full 0):
 garbage-first heap   total 231424K, used 119721K [0x0000000080000000, 0x0000000100000000)
  region size 1024K, 11 young (11264K), 7 survivors (7168K)
 Metaspace       used 106550K, committed 107392K, reserved 1179648K
  class space    used 14711K, committed 15104K, reserved 1048576K
}
Event: 20.167 GC heap after
{Heap after GC invocations=27 (full 0):
 garbage-first heap   total 231424K, used 116138K [0x0000000080000000, 0x0000000100000000)
  region size 1024K, 2 young (2048K), 2 survivors (2048K)
 Metaspace       used 106550K, committed 107392K, reserved 1179648K
  class space    used 14711K, committed 15104K, reserved 1048576K
}
Event: 21.083 GC heap before
{Heap before GC invocations=27 (full 0):
 garbage-first heap   total 231424K, used 186794K [0x0000000080000000, 0x0000000100000000)
  region size 1024K, 72 young (73728K), 2 survivors (2048K)
 Metaspace       used 112042K, committed 112896K, reserved 1179648K
  class space    used 15476K, committed 15872K, reserved 1048576K
}
Event: 21.088 GC heap after
{Heap after GC invocations=28 (full 0):
 garbage-first heap   total 231424K, used 120630K [0x0000000080000000, 0x0000000100000000)
  region size 1024K, 6 young (6144K), 6 survivors (6144K)
 Metaspace       used 112042K, committed 112896K, reserved 1179648K
  class space    used 15476K, committed 15872K, reserved 1048576K
}
Event: 22.229 GC heap before
{Heap before GC invocations=29 (full 0):
 garbage-first heap   total 231424K, used 192310K [0x0000000080000000, 0x0000000100000000)
  region size 1024K, 73 young (74752K), 6 survivors (6144K)
 Metaspace       used 119168K, committed 119936K, reserved 1179648K
  class space    used 16201K, committed 16576K, reserved 1048576K
}
Event: 22.237 GC heap after
{Heap after GC invocations=30 (full 0):
 garbage-first heap   total 231424K, used 133261K [0x0000000080000000, 0x0000000100000000)
  region size 1024K, 10 young (10240K), 10 survivors (10240K)
 Metaspace       used 119168K, committed 119936K, reserved 1179648K
  class space    used 16201K, committed 16576K, reserved 1048576K
}
Event: 22.258 GC heap before
{Heap before GC invocations=30 (full 0):
 garbage-first heap   total 231424K, used 134285K [0x0000000080000000, 0x0000000100000000)
  region size 1024K, 11 young (11264K), 10 survivors (10240K)
 Metaspace       used 119354K, committed 120128K, reserved 1179648K
  class space    used 16219K, committed 16576K, reserved 1048576K
}
Event: 22.265 GC heap after
{Heap after GC invocations=31 (full 0):
 garbage-first heap   total 231424K, used 133554K [0x0000000080000000, 0x0000000100000000)
  region size 1024K, 1 young (1024K), 1 survivors (1024K)
 Metaspace       used 119354K, committed 120128K, reserved 1179648K
  class space    used 16219K, committed 16576K, reserved 1048576K
}
Event: 23.087 GC heap before
{Heap before GC invocations=31 (full 0):
 garbage-first heap   total 231424K, used 188850K [0x0000000080000000, 0x0000000100000000)
  region size 1024K, 55 young (56320K), 1 survivors (1024K)
 Metaspace       used 125479K, committed 126272K, reserved 1179648K
  class space    used 17062K, committed 17472K, reserved 1048576K
}

